<?xml version="1.0" encoding="UTF-8"?>
<!-- Generated by org.testng.reporters.JUnitReportReporter -->
<testsuite hostname="LAPTOP-INVDEND0" failures="0" tests="3" name="Login.YahooDataDriven.TestYahoo" time="29.343" errors="0" timestamp="2023-07-30T19:10:21 IST" skipped="0">
  <testcase classname="Login.YahooDataDriven.TestYahoo" name="SC" time="19.587"/>
  <testcase classname="Login.YahooDataDriven.TestYahoo" name="Con" time="2.183"/>
  <testcase classname="Login.YahooDataDriven.TestYahoo" name="Login" time="7.573"/>
</testsuite> <!-- Login.YahooDataDriven.TestYahoo -->
